<?xml version="1.0" encoding="UTF-8"?>
<!-- Generated by org.testng.reporters.JUnitXMLReporter -->
<testsuite hostname="LAPTOP-8LBRLJ88" ignored="1" name="testng-maven-nopcommerce-hw14" tests="0" failures="0" timestamp="13 Jun 2021 22:16:04 GMT" time="44.392" errors="0">
  <testcase name="verifyProductArrangeInAlphabeticalOrder" time="0.0" classname="com.nopcommerce.demo.computers.TestSuite">
    <ignored/>
  </testcase> <!-- verifyProductArrangeInAlphabeticalOrder -->
</testsuite> <!-- testng-maven-nopcommerce-hw14 -->
