<?xml version="1.0" encoding="UTF-8"?>
<testng-results skipped="0" failed="0" ignored="1" total="2" passed="1">
  <reporter-output>
  </reporter-output>
  <suite name="Default Suite" duration-ms="34824" started-at="2021-06-13T21:39:47Z" finished-at="2021-06-13T21:40:22Z">
    <groups>
      <group name="regression">
        <method signature="TestSuite.verifyProductAddedToShoppingCartSuccessFully()[pri:0, instance:com.nopcommerce.demo.computers.TestSuite@35f983a6]" name="verifyProductAddedToShoppingCartSuccessFully" class="com.nopcommerce.demo.computers.TestSuite"/>
      </group> <!-- regression -->
      <group name="sanity">
        <method signature="TestSuite.verifyProductAddedToShoppingCartSuccessFully()[pri:0, instance:com.nopcommerce.demo.computers.TestSuite@35f983a6]" name="verifyProductAddedToShoppingCartSuccessFully" class="com.nopcommerce.demo.computers.TestSuite"/>
      </group> <!-- sanity -->
    </groups>
    <test name="testng-maven-nopcommerce-hw14" duration-ms="34824" started-at="2021-06-13T21:39:47Z" finished-at="2021-06-13T21:40:22Z">
      <class name="com.nopcommerce.demo.computers.TestSuite">
        <test-method status="PASS" signature="setUp()[pri:0, instance:com.nopcommerce.demo.computers.TestSuite@35f983a6]" name="setUp" is-config="true" duration-ms="3805" started-at="2021-06-13T21:39:48Z" finished-at="2021-06-13T21:39:51Z">
          <reporter-output>
          </reporter-output>
        </test-method> <!-- setUp -->
        <test-method status="PASS" signature="verifyProductAddedToShoppingCartSuccessFully()[pri:0, instance:com.nopcommerce.demo.computers.TestSuite@35f983a6]" name="verifyProductAddedToShoppingCartSuccessFully" duration-ms="30280" started-at="2021-06-13T21:39:51Z" finished-at="2021-06-13T21:40:22Z">
          <reporter-output>
          </reporter-output>
        </test-method> <!-- verifyProductAddedToShoppingCartSuccessFully -->
        <test-method status="PASS" signature="tearDown()[pri:0, instance:com.nopcommerce.demo.computers.TestSuite@35f983a6]" name="tearDown" is-config="true" duration-ms="717" started-at="2021-06-13T21:40:22Z" finished-at="2021-06-13T21:40:22Z">
          <reporter-output>
          </reporter-output>
        </test-method> <!-- tearDown -->
      </class> <!-- com.nopcommerce.demo.computers.TestSuite -->
    </test> <!-- testng-maven-nopcommerce-hw14 -->
  </suite> <!-- Default Suite -->
</testng-results>
